build/app/outputs/mapping/release/seeds.txt
com.alchemative.outfitters.pk.MainActivity
com.alchemative.outfitters.pk.Application
com.alchemative.outfitters.pk.MainActivity: MainActivity()
com.alchemative.outfitters.pk.Application: Application()
...
io.flutter.embedding.engine.systemchannels.PlatformChannel$ClipboardContentFormat: io.flutter.embedding.engine.systemchannels.PlatformChannel$ClipboardContentFormat fromValue(java.lang.String)
com.pichillilorenzo.flutter_inappwebview.types.Size2D: java.util.Map toMap()
com.pichillilorenzo.flutter_inappwebview.in_app_webview.ThreadedInputConnectionProxyAdapterView: boolean isTriggerDelayed()
androidx.window.core.Version: androidx.window.core.Version access$getUNKNOWN$cp()
com.pichillilorenzo.flutter_inappwebview.InAppWebViewFlutterPlugin: void onReattachedToActivityForConfigChanges(io.flutter.embedding.engine.plugins.activity.ActivityPluginBinding)
io.flutter.util.Preconditions: Preconditions()
com.google.android.material.button.MaterialButtonToggleGroup: void setCheckedId(int)
io.flutter.plugins.firebase.database.FirebaseDatabasePlugin: com.google.firebase.database.FirebaseDatabase getDatabase(java.util.Map)
io.flutter.embedding.engine.dart.DartMessenger$HandlerInfo: DartMessenger$HandlerInfo(io.flutter.plugin.common.BinaryMessenger$BinaryMessageHandler,io.flutter.embedding.engine.dart.DartMessenger$DartMessengerTaskQueue)
com.google.android.material.chip.Chip: float getCloseIconEndPadding()
io.flutter.plugins.webviewflutter.FlutterAssetManager$RegistrarFlutterAssetManager: java.lang.String getAssetFilePathByName(java.lang.String)
com.pichillilorenzo.flutter_inappwebview.in_app_browser.InAppBrowserActivity: boolean onKeyDown(int,android.view.KeyEvent)
androidx.webkit.internal.ApiHelperForM: androidx.webkit.WebMessageCompat createWebMessageCompat(android.webkit.WebMessage)
androidx.appcompat.widget.AppCompatCheckedTextView: void setCustomSelectionActionModeCallback(android.view.ActionMode$Callback)
com.google.android.material.textfield.TextInputLayout: void setPrefixTextAppearance(int)
com.pichillilorenzo.flutter_inappwebview.types.CreateWindowAction: boolean equals(java.lang.Object)
io.flutter.plugins.webviewflutter.GeneratedAndroidWebView$WebViewClientFlutterApiCodec: java.lang.Object readValueOfType(byte,java.nio.ByteBuffer)
androidx.window.embedding.EmbeddingCompat$Companion: java.lang.Integer getExtensionApiLevel()
kotlin.coroutines.jvm.internal.BaseContinuationImpl: void resumeWith(java.lang.Object)
androidx.core.content.ContextCompat$Api23Impl: java.lang.Object getSystemService(android.content.Context,java.lang.Class)
io.flutter.embedding.android.KeyboardMap$TogglingGoal: KeyboardMap$TogglingGoal(int,long,long)
androidx.appcompat.widget.Toolbar: java.lang.CharSequence getCollapseContentDescription()
com.google.android.gms.internal.measurement.zzbl: com.google.android.gms.internal.measurement.zzbl[] values()
io.flutter.plugins.firebase.firestore.streamhandler.LoadBundleStreamHandler: LoadBundleStreamHandler()
com.google.firebase.messaging.FirebaseMessagingRegistrar: java.util.List getComponents()
io.flutter.embedding.engine.dart.DartExecutor: void executeDartCallback(io.flutter.embedding.engine.dart.DartExecutor$DartCallback)
androidx.appcompat.view.menu.MenuPopupHelper$Api17Impl: void getRealSize(android.view.Display,android.graphics.Point)
org.chromium.support_lib_boundary.WebSettingsBoundaryInterface: void setSafeBrowsingEnabled(boolean)
io.flutter.embedding.android.FlutterFragment: FlutterFragment()
io.flutter.plugins.firebase.database.TransactionExecutor: java.lang.Object execute(java.util.Map)
io.flutter.embedding.engine.FlutterEngineConnectionRegistry$FlutterEngineActivityPluginBinding: java.lang.Object getLifecycle()
com.pichillilorenzo.flutter_inappwebview.in_app_webview.InAppWebViewChromeClient$13: void onClick(android.content.DialogInterface,int)
androidx.core.widget.ImageViewCompat$Api21Impl: android.graphics.PorterDuff$Mode getImageTintMode(android.widget.ImageView)
com.pichillilorenzo.flutter_inappwebview.types.ServerTrustChallenge: java.lang.String toString()
androidx.window.embedding.SplitRule$Api30Impl: SplitRule$Api30Impl()