build/app/outputs/mapping/release/usage.txt
com.alchemative.outfitters.pk.BuildConfig
com.alchemative.outfitters.pk.R$anim
com.alchemative.outfitters.pk.R$animator
com.alchemative.outfitters.pk.R$attr
com.alchemative.outfitters.pk.R$bool
com.alchemative.outfitters.pk.R$color
com.alchemative.outfitters.pk.R$dimen
com.alchemative.outfitters.pk.R$drawable
com.alchemative.outfitters.pk.R$id
com.alchemative.outfitters.pk.R$integer
com.alchemative.outfitters.pk.R$interpolator
com.alchemative.outfitters.pk.R$layout
com.alchemative.outfitters.pk.R$menu
com.alchemative.outfitters.pk.R$mipmap
com.alchemative.outfitters.pk.R$plurals
com.alchemative.outfitters.pk.R$raw
com.alchemative.outfitters.pk.R$string
com.alchemative.outfitters.pk.R$style
com.alchemative.outfitters.pk.R$styleable
com.alchemative.outfitters.pk.R$xml
com.alchemative.outfitters.pk.R
...
com.google.firestore.v1.StructuredQuery$FieldFilter$Operator:
    public static final int ARRAY_CONTAINS_ANY_VALUE
    public static final int ARRAY_CONTAINS_VALUE
    public static final int EQUAL_VALUE
    public static final int GREATER_THAN_OR_EQUAL_VALUE
    public static final int GREATER_THAN_VALUE
    public static final int IN_VALUE
    public static final int LESS_THAN_OR_EQUAL_VALUE
    public static final int LESS_THAN_VALUE
    public static final int NOT_EQUAL_VALUE
    public static final int NOT_IN_VALUE
    public static final int OPERATOR_UNSPECIFIED_VALUE
    public static com.google.protobuf.Internal$EnumLiteMap internalGetValueMap()
    public static com.google.protobuf.Internal$EnumVerifier internalGetVerifier()
    public static com.google.firestore.v1.StructuredQuery$FieldFilter$Operator valueOf(int)
com.google.firestore.v1.StructuredQuery$FieldFilter:
    static synthetic void access$3200(com.google.firestore.v1.StructuredQuery$FieldFilter,com.google.firestore.v1.StructuredQuery$FieldReference)
    static synthetic void access$3300(com.google.firestore.v1.StructuredQuery$FieldFilter)
    static synthetic void access$3400(com.google.firestore.v1.StructuredQuery$FieldFilter,int)
    static synthetic void access$3600(com.google.firestore.v1.StructuredQuery$FieldFilter)
    static synthetic void access$3800(com.google.firestore.v1.StructuredQuery$FieldFilter,com.google.firestore.v1.Value)
    static synthetic void access$3900(com.google.firestore.v1.StructuredQuery$FieldFilter)
    private void clearField()
    private void clearOp()
    private void clearValue()
    public int getOpValue()
    public boolean hasField()
    public boolean hasValue()
    private void mergeField(com.google.firestore.v1.StructuredQuery$FieldReference)
    private void mergeValue(com.google.firestore.v1.Value)
    public static com.google.firestore.v1.StructuredQuery$FieldFilter$Builder newBuilder(com.google.firestore.v1.StructuredQuery$FieldFilter)
    public static com.google.firestore.v1.StructuredQuery$FieldFilter parseDelimitedFrom(java.io.InputStream)
    public static com.google.firestore.v1.StructuredQuery$FieldFilter parseDelimitedFrom(java.io.InputStream,com.google.protobuf.ExtensionRegistryLite)
com.google.firestore.v1.StructuredQuery$FieldFilterOrBuilder
com.google.firestore.v1.StructuredQuery$FieldReference$Builder:
    public com.google.firestore.v1.StructuredQuery$FieldReference$Builder clearFieldPath()
    public java.lang.String getFieldPath()
    public com.google.protobuf.ByteString getFieldPathBytes()
    public com.google.firestore.v1.StructuredQuery$FieldReference$Builder setFieldPathBytes(com.google.protobuf.ByteString)